0 info it worked if it ends with ok
1 verbose cli [ 'node', '/usr/local/bin/npm', 'uninstall', '-g', 'cordova' ]
2 info using npm@1.5.0-alpha-1
3 info using node@v0.10.28
4 verbose lib/node_modules/cordova unbuild
5 info preuninstall cordova@4.0.0
6 info uninstall cordova@4.0.0
7 verbose true,/usr/local/lib/node_modules,/usr/local/lib/node_modules unbuild cordova@4.0.0
8 verbose /usr/local/bin,[object Object] binRoot
9 verbose gentlyRm verifying that /usr/local/lib/node_modules/cordova is managed by npm
10 silly cacheAndTest /usr/local/lib/node_modules/cordova is inside /usr/local/lib/node_modules
11 silly gentlyRm /usr/local/lib/node_modules/cordova is managed by npm
12 silly gentlyRm /usr/local/bin/cordova is not under /usr/local/lib/node_modules/cordova
13 silly gentlyRm checking to see if /usr/local/bin/cordova is a link
14 silly gentlyRm /usr/local/bin/cordova is a link
15 silly gentlyRm /usr/local/lib/node_modules/cordova/bin/cordova inside /usr/local/lib/node_modules/cordova
16 verbose gentlyRm vacuuming /usr/local/bin/cordova
17 silly gentlyRm removing /usr/local/bin/cordova
18 error Error: EACCES, unlink '/usr/local/bin/cordova'
18 error  { [Error: EACCES, unlink '/usr/local/bin/cordova'] errno: 3, code: 'EACCES', path: '/usr/local/bin/cordova' }
19 error Please try running this command again as root/Administrator.
20 error System Darwin 13.4.0
21 error command "node" "/usr/local/bin/npm" "uninstall" "-g" "cordova"
22 error cwd /Users/Moppedijk/Documents/00 Moppedijk/Hva/S03/Blok01/Project 6/prototype/sources/project6
23 error node -v v0.10.28
24 error npm -v 1.5.0-alpha-1
25 error path /usr/local/bin/cordova
26 error code EACCES
27 error errno 3
28 error stack Error: EACCES, unlink '/usr/local/bin/cordova'
29 verbose exit [ 3, true ]
